<?xml version="1.0" encoding="UTF-8"?>
<testng-results ignored="0" total="1" passed="1" failed="0" skipped="0">
  <reporter-output>
  </reporter-output>
  <suite started-at="2024-03-06T10:43:24 IST" name="Default suite" finished-at="2024-03-06T10:43:42 IST" duration-ms="17909">
    <groups>
    </groups>
    <test started-at="2024-03-06T10:43:24 IST" name="Default test" finished-at="2024-03-06T10:43:42 IST" duration-ms="17909">
      <class name="Tests.HrsSearchTest">
        <test-method is-config="true" signature="setUp()[pri:0, instance:Tests.HrsSearchTest@78123e82]" started-at="2024-03-06T10:43:24 IST" name="setUp" finished-at="2024-03-06T10:43:31 IST" duration-ms="7363" status="PASS">
          <reporter-output>
          </reporter-output>
        </test-method> <!-- setUp -->
        <test-method signature="searchHotelsInBarcelona()[pri:1, instance:Tests.HrsSearchTest@78123e82]" started-at="2024-03-06T10:43:31 IST" name="searchHotelsInBarcelona" finished-at="2024-03-06T10:43:41 IST" duration-ms="10279" status="PASS">
          <reporter-output>
          </reporter-output>
        </test-method> <!-- searchHotelsInBarcelona -->
        <test-method is-config="true" signature="tearDown()[pri:0, instance:Tests.HrsSearchTest@78123e82]" started-at="2024-03-06T10:43:41 IST" name="tearDown" finished-at="2024-03-06T10:43:42 IST" duration-ms="235" status="PASS">
          <reporter-output>
          </reporter-output>
        </test-method> <!-- tearDown -->
      </class> <!-- Tests.HrsSearchTest -->
    </test> <!-- Default test -->
  </suite> <!-- Default suite -->
</testng-results>
